<?xml version="1.0" encoding="UTF-8"?>
<!-- Generated by org.testng.reporters.JUnitReportReporter -->
<testsuite hostname="DESKTOP-QDUI9UU" name="AcademicProject.NavigateTabs" tests="1" failures="0" timestamp="2 Oct 2020 00:53:03 GMT" time="0.639" errors="0">
  <testcase name="NavTab" time="0.639" classname="AcademicProject.NavigateTabs"/>
</testsuite> <!-- AcademicProject.NavigateTabs -->
