<?xml version="1.0" encoding="UTF-8"?>
<!-- Generated by org.testng.reporters.JUnitReportReporter -->
<testsuite hostname="DESKTOP-QDUI9UU" name="AcademicProject.testnordummy" tests="1" failures="0" timestamp="30 Sep 2020 02:31:40 GMT" time="0.019" errors="0">
  <testcase name="dummy" time="0.019" classname="AcademicProject.testnordummy"/>
</testsuite> <!-- AcademicProject.testnordummy -->
