<?xml version="1.0" encoding="UTF-8"?>
<!-- Generated by org.testng.reporters.JUnitReportReporter -->
<testsuite hostname="DESKTOP-QDUI9UU" failures="0" tests="1" name="AcademicProject.NavigateTabs" time="1.786" errors="0" timestamp="2 Oct 2020 10:51:32 GMT">
  <testcase classname="AcademicProject.NavigateTabs" name="NavTab" time="1.786"/>
</testsuite> <!-- AcademicProject.NavigateTabs -->
